<?xml version="1.0" encoding="UTF-8"?>
<testng-results skipped="0" failed="0" total="1" passed="1">
  <reporter-output>
  </reporter-output>
  <suite name="Default suite" duration-ms="22058" started-at="2019-01-28T19:51:33Z" finished-at="2019-01-28T19:51:55Z">
    <groups>
    </groups>
    <test name="Default test" duration-ms="22058" started-at="2019-01-28T19:51:33Z" finished-at="2019-01-28T19:51:55Z">
      <class name="com.project.e2e.MainPageAdminTest">
        <test-method status="PASS" signature="setupSelenium()[pri:0, instance:com.project.e2e.MainPageAdminTest@57855c9a]" name="setupSelenium" is-config="true" duration-ms="9362" started-at="2019-01-28T20:51:33Z" finished-at="2019-01-28T20:51:43Z">
          <reporter-output>
          </reporter-output>
        </test-method> <!-- setupSelenium -->
        <test-method status="PASS" signature="testDeleteLine()[pri:0, instance:com.project.e2e.MainPageAdminTest@57855c9a]" name="testDeleteLine" duration-ms="10554" started-at="2019-01-28T20:51:43Z" finished-at="2019-01-28T20:51:53Z">
          <reporter-output>
          </reporter-output>
        </test-method> <!-- testDeleteLine -->
        <test-method status="PASS" signature="closeSelenium()[pri:0, instance:com.project.e2e.MainPageAdminTest@57855c9a]" name="closeSelenium" is-config="true" duration-ms="2121" started-at="2019-01-28T20:51:53Z" finished-at="2019-01-28T20:51:55Z">
          <reporter-output>
          </reporter-output>
        </test-method> <!-- closeSelenium -->
      </class> <!-- com.project.e2e.MainPageAdminTest -->
    </test> <!-- Default test -->
  </suite> <!-- Default suite -->
</testng-results>
