<?xml version="1.0" encoding="UTF-8"?>
<testng-results skipped="0" failed="0" total="1" passed="1">
  <reporter-output>
  </reporter-output>
  <suite name="Default suite" duration-ms="13578" started-at="2019-01-28T17:33:12Z" finished-at="2019-01-28T17:33:25Z">
    <groups>
    </groups>
    <test name="Default test" duration-ms="13578" started-at="2019-01-28T17:33:12Z" finished-at="2019-01-28T17:33:25Z">
      <class name="com.project.e2e.MainPageAdminTest">
        <test-method status="PASS" signature="setupSelenium()[pri:0, instance:com.project.e2e.MainPageAdminTest@57855c9a]" name="setupSelenium" is-config="true" duration-ms="8727" started-at="2019-01-28T18:33:12Z" finished-at="2019-01-28T18:33:20Z">
          <reporter-output>
          </reporter-output>
        </test-method> <!-- setupSelenium -->
        <test-method status="PASS" signature="testDisplayLine()[pri:0, instance:com.project.e2e.MainPageAdminTest@57855c9a]" name="testDisplayLine" duration-ms="4737" started-at="2019-01-28T18:33:20Z" finished-at="2019-01-28T18:33:25Z">
          <reporter-output>
          </reporter-output>
        </test-method> <!-- testDisplayLine -->
        <test-method status="PASS" signature="closeSelenium()[pri:0, instance:com.project.e2e.MainPageAdminTest@57855c9a]" name="closeSelenium" is-config="true" duration-ms="89" started-at="2019-01-28T18:33:25Z" finished-at="2019-01-28T18:33:25Z">
          <reporter-output>
          </reporter-output>
        </test-method> <!-- closeSelenium -->
      </class> <!-- com.project.e2e.MainPageAdminTest -->
    </test> <!-- Default test -->
  </suite> <!-- Default suite -->
</testng-results>
